<?xml version="1.0" encoding="UTF-8"?>
<!-- Generated by org.testng.reporters.JUnitReportReporter -->
<testsuite hostname="RAHUL" failures="0" tests="1" name="storedProcedure.StoredProcedureTesting" time="0.085" errors="0" timestamp="2024-09-10T19:08:51 IST" skipped="0">
  <testcase classname="storedProcedure.StoredProcedureTesting" name="tes_get_order_by_cust" time="0.085"/>
</testsuite> <!-- storedProcedure.StoredProcedureTesting -->
